Using pre-set license
Built from '2020.2/staging' branch; Version is '2020.2.3f1 (8ff31bc5bf5b) revision 9433883'; Using compiler version '192528614'; Build Type 'Release'
OS: 'Windows 10 Home Single Language; OS build 19042.985; Version 2009; 64bit' Language: 'en' Physical Memory: 12169 MB
BatchMode: 1, IsHumanControllingUs: 0, StartBugReporterOnCrash: 0, Is64bit: 1, IsPro: 0

 COMMAND LINE ARGUMENTS:
C:\Program Files\Unity\Hub\Editor\2020.2.3f1\Editor\Unity.exe
-adb2
-batchMode
-noUpm
-name
AssetImportWorker0
-projectPath
D:/Unity/MultiplayerGame
-logFile
Logs/AssetImportWorker0.log
-srvPort
55998
Successfully changed project path to: D:/Unity/MultiplayerGame
D:/Unity/MultiplayerGame
Using Asset Import Pipeline V2.
Refreshing native plugins compatible for Editor in 37.35 ms, found 0 plugins.
Preloading 0 native plugins for Editor in 0.00 ms.
Initialize engine version: 2020.2.3f1 (8ff31bc5bf5b)
[Subsystems] Discovering subsystems at path C:/Program Files/Unity/Hub/Editor/2020.2.3f1/Editor/Data/Resources/UnitySubsystems
[Subsystems] Discovering subsystems at path D:/Unity/MultiplayerGame/Assets
GfxDevice: creating device client; threaded=0
Direct3D:
    Version:  Direct3D 11.0 [level 11.1]
    Renderer: Microsoft Basic Render Driver (ID=0x8c)
    Vendor:   
    VRAM:     6084 MB
Initialize mono
Mono path[0] = 'C:/Program Files/Unity/Hub/Editor/2020.2.3f1/Editor/Data/Managed'
Mono path[1] = 'C:/Program Files/Unity/Hub/Editor/2020.2.3f1/Editor/Data/MonoBleedingEdge/lib/mono/unityjit'
Mono config path = 'C:/Program Files/Unity/Hub/Editor/2020.2.3f1/Editor/Data/MonoBleedingEdge/etc'
Using monoOptions --debugger-agent=transport=dt_socket,embedding=1,server=y,suspend=n,address=127.0.0.1:56416
Begin MonoManager ReloadAssembly
Registering precompiled unity dll's ...
Register platform support module: C:/Program Files/Unity/Hub/Editor/2020.2.3f1/Editor/Data/PlaybackEngines/WindowsStandaloneSupport/UnityEditor.WindowsStandalone.Extensions.dll
Registered in 0.004761 seconds.
Native extension for WindowsStandalone target not found
Refreshing native plugins compatible for Editor in 68.46 ms, found 0 plugins.
Preloading 0 native plugins for Editor in 0.00 ms.
Invoked RoslynAnalysisRunner static constructor.
RoslynAnalysisRunner will not be running.
RoslynAnalysisRunner has terminated.
Mono: successfully reloaded assembly
- Completed reload, in  3.685 seconds
Platform modules already initialized, skipping
Registering precompiled user dll's ...
Registered in 0.001773 seconds.
Begin MonoManager ReloadAssembly
Native extension for WindowsStandalone target not found
Refreshing native plugins compatible for Editor in 0.30 ms, found 0 plugins.
Preloading 0 native plugins for Editor in 0.00 ms.
Invoked RoslynAnalysisRunner static constructor.
RoslynAnalysisRunner will not be running.
RoslynAnalysisRunner has terminated.
Mono: successfully reloaded assembly
- Completed reload, in  1.471 seconds
Platform modules already initialized, skipping
========================================================================
Worker process is ready to serve import requests
Launched and connected shader compiler UnityShaderCompiler.exe after 0.05 seconds
Refreshing native plugins compatible for Editor in 0.53 ms, found 0 plugins.
Preloading 0 native plugins for Editor in 0.00 ms.
Unloading 1413 Unused Serialized files (Serialized files now loaded: 0)
System memory in use before: 66.0 MB.
System memory in use after: 66.0 MB.

Unloading 12 unused Assets to reduce memory usage. Loaded Objects now: 1854.
Total: 3.928800 ms (FindLiveObjects: 0.394800 ms CreateObjectMapping: 0.210300 ms MarkObjects: 3.159500 ms  DeleteObjects: 0.161700 ms)

========================================================================
Received Import Request.
  path: Assets/Scripts/NetworkManagerScript.cs
  artifactKey: Guid(be125d5ed166d2246bd498a60f6a2e5f) Importer(815301076,1909f56bfc062723c751e8b465ee728b)
Start importing Assets/Scripts/NetworkManagerScript.cs using Guid(be125d5ed166d2246bd498a60f6a2e5f) Importer(815301076,1909f56bfc062723c751e8b465ee728b)  -> (artifact id: '80c539abeb1dca1ae60b84241c1ac835') in 0.056771 seconds
  Import took 0.061162 seconds .

========================================================================
Received Import Request.
  Time since last request: 1522.507013 seconds.
  path: Assets/Scripts/NetworkManagerScript.cs
  artifactKey: Guid(be125d5ed166d2246bd498a60f6a2e5f) Importer(815301076,1909f56bfc062723c751e8b465ee728b)
Start importing Assets/Scripts/NetworkManagerScript.cs using Guid(be125d5ed166d2246bd498a60f6a2e5f) Importer(815301076,1909f56bfc062723c751e8b465ee728b)  -> (artifact id: 'c8ac13139b3228d3240ee1d78ecfcd74') in 0.027169 seconds
  Import took 0.034514 seconds .

========================================================================
Received Import Request.
  Time since last request: 0.000166 seconds.
  path: Assets/Scripts/NetworkManagerScript.cs
  artifactKey: Guid(be125d5ed166d2246bd498a60f6a2e5f) Importer(815301076,1909f56bfc062723c751e8b465ee728b)
Start importing Assets/Scripts/NetworkManagerScript.cs using Guid(be125d5ed166d2246bd498a60f6a2e5f) Importer(815301076,1909f56bfc062723c751e8b465ee728b)  -> (artifact id: 'c8ac13139b3228d3240ee1d78ecfcd74') in 0.020939 seconds
  Import took 0.034764 seconds .

========================================================================
Received Import Request.
  Time since last request: 478.276810 seconds.
  path: Assets/Scripts/NetworkManagerScript.cs
  artifactKey: Guid(be125d5ed166d2246bd498a60f6a2e5f) Importer(815301076,1909f56bfc062723c751e8b465ee728b)
Start importing Assets/Scripts/NetworkManagerScript.cs using Guid(be125d5ed166d2246bd498a60f6a2e5f) Importer(815301076,1909f56bfc062723c751e8b465ee728b)  -> (artifact id: '9ec5bb76ecb3dbaab5b57c073843caf1') in 0.005321 seconds
  Import took 0.015568 seconds .

========================================================================
Received Import Request.
  Time since last request: 103.628978 seconds.
  path: Assets/Scripts/NetworkManagerScript.cs
  artifactKey: Guid(be125d5ed166d2246bd498a60f6a2e5f) Importer(815301076,1909f56bfc062723c751e8b465ee728b)
Start importing Assets/Scripts/NetworkManagerScript.cs using Guid(be125d5ed166d2246bd498a60f6a2e5f) Importer(815301076,1909f56bfc062723c751e8b465ee728b)  -> (artifact id: '48b8bf6c412e6113a0410a70f2a104be') in 0.007926 seconds
  Import took 0.032030 seconds .

========================================================================
Received Import Request.
  Time since last request: 969.188615 seconds.
  path: Assets/Scripts/NetworkManagerScript.cs
  artifactKey: Guid(be125d5ed166d2246bd498a60f6a2e5f) Importer(815301076,1909f56bfc062723c751e8b465ee728b)
Start importing Assets/Scripts/NetworkManagerScript.cs using Guid(be125d5ed166d2246bd498a60f6a2e5f) Importer(815301076,1909f56bfc062723c751e8b465ee728b)  -> (artifact id: 'c82c9edebab57900ef8b156e0449ed02') in 0.013663 seconds
  Import took 0.019240 seconds .

========================================================================
Received Prepare
Registering precompiled user dll's ...
Registered in 0.001613 seconds.
Begin MonoManager ReloadAssembly
Native extension for WindowsStandalone target not found
Refreshing native plugins compatible for Editor in 0.37 ms, found 0 plugins.
Preloading 0 native plugins for Editor in 0.00 ms.
Invoked RoslynAnalysisRunner static constructor.
RoslynAnalysisRunner will not be running.
RoslynAnalysisRunner has terminated.
Mono: successfully reloaded assembly
- Completed reload, in  0.912 seconds
Platform modules already initialized, skipping
Switching build target platform(5) subTarget(0) extendedPlatform(0) -> platform(13) subTarget(524288) extendedPlatform(0)
Refreshing native plugins compatible for Editor in 0.35 ms, found 0 plugins.
Preloading 0 native plugins for Editor in 0.00 ms.
Unloading 1577 Unused Serialized files (Serialized files now loaded: 0)
System memory in use before: 71.8 MB.
System memory in use after: 71.9 MB.

Unloading 12 unused Assets to reduce memory usage. Loaded Objects now: 2022.
Total: 2.369900 ms (FindLiveObjects: 0.373800 ms CreateObjectMapping: 0.205900 ms MarkObjects: 1.662000 ms  DeleteObjects: 0.127100 ms)

AssetImportParameters requested are different than current active one (requested -> active):
  custom:graphics/normal-map-encoding: 01000000000000000000000000000000 -> 02000000000000000000000000000000
========================================================================
Received Import Request.
  Time since last request: 2508.276833 seconds.
  path: Assets/Photon Unity Networking/Resources/PhotonServerSettings.asset
  artifactKey: Guid(c4bdfe3a6945895498745c113f000b15) Importer(815301076,1909f56bfc062723c751e8b465ee728b)
Start importing Assets/Photon Unity Networking/Resources/PhotonServerSettings.asset using Guid(c4bdfe3a6945895498745c113f000b15) Importer(815301076,1909f56bfc062723c751e8b465ee728b)  -> (artifact id: '6cd057fc8de1b2e903f052902a1b751c') in 0.024019 seconds
  Import took 0.027728 seconds .

========================================================================
Received Import Request.
  Time since last request: 0.049543 seconds.
  path: Assets/Photon Unity Networking/Resources/PhotonServerSettings.asset
  artifactKey: Guid(c4bdfe3a6945895498745c113f000b15) Importer(815301076,1909f56bfc062723c751e8b465ee728b)
Start importing Assets/Photon Unity Networking/Resources/PhotonServerSettings.asset using Guid(c4bdfe3a6945895498745c113f000b15) Importer(815301076,1909f56bfc062723c751e8b465ee728b)  -> (artifact id: '6cd057fc8de1b2e903f052902a1b751c') in 0.009506 seconds
  Import took 0.013504 seconds .

========================================================================
Received Import Request.
  Time since last request: 394.562310 seconds.
  path: Assets/Scripts/StartGameScript.cs
  artifactKey: Guid(e1d5e72fa91866947b9af8d738890bbe) Importer(815301076,1909f56bfc062723c751e8b465ee728b)
Start importing Assets/Scripts/StartGameScript.cs using Guid(e1d5e72fa91866947b9af8d738890bbe) Importer(815301076,1909f56bfc062723c751e8b465ee728b)  -> (artifact id: '79a5bc3c8d8d63bbac459acda289e028') in 0.027005 seconds
  Import took 0.032201 seconds .

========================================================================
Received Import Request.
  Time since last request: 5.526852 seconds.
  path: Assets/Scripts/NetworkManagerScript.cs
  artifactKey: Guid(be125d5ed166d2246bd498a60f6a2e5f) Importer(815301076,1909f56bfc062723c751e8b465ee728b)
Start importing Assets/Scripts/NetworkManagerScript.cs using Guid(be125d5ed166d2246bd498a60f6a2e5f) Importer(815301076,1909f56bfc062723c751e8b465ee728b)  -> (artifact id: '1256a1b9876bd05b4fbfeb57bff07c4e') in 0.033780 seconds
  Import took 0.064108 seconds .

========================================================================
Received Import Request.
  Time since last request: 34.497090 seconds.
  path: Assets/Scripts/MovementScript.cs
  artifactKey: Guid(9768f80e02ab7e24db8bfff2ab7e4c53) Importer(815301076,1909f56bfc062723c751e8b465ee728b)
Start importing Assets/Scripts/MovementScript.cs using Guid(9768f80e02ab7e24db8bfff2ab7e4c53) Importer(815301076,1909f56bfc062723c751e8b465ee728b)  -> (artifact id: '48440164c2ec87e7a7d57d2d949b7350') in 0.062964 seconds
  Import took 0.070924 seconds .

========================================================================
Received Prepare
Registering precompiled user dll's ...
Registered in 0.001648 seconds.
Begin MonoManager ReloadAssembly
Native extension for WindowsStandalone target not found
Refreshing native plugins compatible for Editor in 0.40 ms, found 0 plugins.
Preloading 0 native plugins for Editor in 0.00 ms.
Invoked RoslynAnalysisRunner static constructor.
RoslynAnalysisRunner will not be running.
RoslynAnalysisRunner has terminated.
Mono: successfully reloaded assembly
- Completed reload, in  1.063 seconds
Platform modules already initialized, skipping
Switching build target platform(5) subTarget(0) extendedPlatform(0) -> platform(13) subTarget(524288) extendedPlatform(0)
Refreshing native plugins compatible for Editor in 0.39 ms, found 0 plugins.
Preloading 0 native plugins for Editor in 0.00 ms.
Unloading 1578 Unused Serialized files (Serialized files now loaded: 0)
System memory in use before: 72.0 MB.
System memory in use after: 72.1 MB.

Unloading 12 unused Assets to reduce memory usage. Loaded Objects now: 2026.
Total: 2.514200 ms (FindLiveObjects: 0.389300 ms CreateObjectMapping: 0.178700 ms MarkObjects: 1.834100 ms  DeleteObjects: 0.109800 ms)

AssetImportParameters requested are different than current active one (requested -> active):
  custom:graphics/normal-map-encoding: 01000000000000000000000000000000 -> 02000000000000000000000000000000
========================================================================
Received Import Request.
  Time since last request: 49.243009 seconds.
  path: Assets/Scripts/TShootingScript.cs
  artifactKey: Guid(87a8d21ef9944184a8c9c0fab18b4988) Importer(815301076,1909f56bfc062723c751e8b465ee728b)
Start importing Assets/Scripts/TShootingScript.cs using Guid(87a8d21ef9944184a8c9c0fab18b4988) Importer(815301076,1909f56bfc062723c751e8b465ee728b)  -> (artifact id: '1dc3c539fe30244f04a4388d97b08960') in 0.068544 seconds
  Import took 0.091300 seconds .

========================================================================
Received Prepare
Registering precompiled user dll's ...
Registered in 0.002195 seconds.
Begin MonoManager ReloadAssembly
Native extension for WindowsStandalone target not found
Refreshing native plugins compatible for Editor in 0.35 ms, found 0 plugins.
Preloading 0 native plugins for Editor in 0.00 ms.
Invoked RoslynAnalysisRunner static constructor.
RoslynAnalysisRunner will not be running.
RoslynAnalysisRunner has terminated.
Mono: successfully reloaded assembly
- Completed reload, in  1.256 seconds
Platform modules already initialized, skipping
Switching build target platform(5) subTarget(0) extendedPlatform(0) -> platform(13) subTarget(524288) extendedPlatform(0)
Refreshing native plugins compatible for Editor in 0.35 ms, found 0 plugins.
Preloading 0 native plugins for Editor in 0.00 ms.
Unloading 1579 Unused Serialized files (Serialized files now loaded: 0)
System memory in use before: 72.1 MB.
System memory in use after: 72.1 MB.

Unloading 12 unused Assets to reduce memory usage. Loaded Objects now: 2030.
Total: 2.075600 ms (FindLiveObjects: 0.204200 ms CreateObjectMapping: 0.085100 ms MarkObjects: 1.697600 ms  DeleteObjects: 0.087400 ms)

AssetImportParameters requested are different than current active one (requested -> active):
  custom:graphics/normal-map-encoding: 01000000000000000000000000000000 -> 02000000000000000000000000000000
========================================================================
Received Import Request.
  Time since last request: 2949.261516 seconds.
  path: Assets/Scripts/TShootingScript.cs
  artifactKey: Guid(87a8d21ef9944184a8c9c0fab18b4988) Importer(815301076,1909f56bfc062723c751e8b465ee728b)
Start importing Assets/Scripts/TShootingScript.cs using Guid(87a8d21ef9944184a8c9c0fab18b4988) Importer(815301076,1909f56bfc062723c751e8b465ee728b)  -> (artifact id: '1528816ffd6d305f36679eed6d9867f3') in 0.005160 seconds
  Import took 0.009371 seconds .

========================================================================
Received Prepare
Registering precompiled user dll's ...
Registered in 0.001547 seconds.
Begin MonoManager ReloadAssembly
Native extension for WindowsStandalone target not found
Refreshing native plugins compatible for Editor in 0.40 ms, found 0 plugins.
Preloading 0 native plugins for Editor in 0.00 ms.
Invoked RoslynAnalysisRunner static constructor.
RoslynAnalysisRunner will not be running.
RoslynAnalysisRunner has terminated.
Mono: successfully reloaded assembly
- Completed reload, in  0.930 seconds
Platform modules already initialized, skipping
Switching build target platform(5) subTarget(0) extendedPlatform(0) -> platform(13) subTarget(524288) extendedPlatform(0)
Refreshing native plugins compatible for Editor in 0.39 ms, found 0 plugins.
Preloading 0 native plugins for Editor in 0.00 ms.
Unloading 1579 Unused Serialized files (Serialized files now loaded: 0)
System memory in use before: 72.1 MB.
System memory in use after: 72.1 MB.

Unloading 12 unused Assets to reduce memory usage. Loaded Objects now: 2033.
Total: 2.109200 ms (FindLiveObjects: 0.228900 ms CreateObjectMapping: 0.088000 ms MarkObjects: 1.711800 ms  DeleteObjects: 0.079500 ms)

AssetImportParameters requested are different than current active one (requested -> active):
  custom:graphics/normal-map-encoding: 01000000000000000000000000000000 -> 02000000000000000000000000000000
========================================================================
Received Prepare
Registering precompiled user dll's ...
Registered in 0.001723 seconds.
Begin MonoManager ReloadAssembly
Native extension for WindowsStandalone target not found
Refreshing native plugins compatible for Editor in 0.39 ms, found 0 plugins.
Preloading 0 native plugins for Editor in 0.00 ms.
Invoked RoslynAnalysisRunner static constructor.
RoslynAnalysisRunner will not be running.
RoslynAnalysisRunner has terminated.
Mono: successfully reloaded assembly
- Completed reload, in  1.100 seconds
Platform modules already initialized, skipping
Switching build target platform(5) subTarget(0) extendedPlatform(0) -> platform(13) subTarget(524288) extendedPlatform(0)
Refreshing native plugins compatible for Editor in 0.40 ms, found 0 plugins.
Preloading 0 native plugins for Editor in 0.00 ms.
Unloading 1579 Unused Serialized files (Serialized files now loaded: 0)
System memory in use before: 71.8 MB.
System memory in use after: 71.9 MB.

Unloading 12 unused Assets to reduce memory usage. Loaded Objects now: 2036.
Total: 4.343600 ms (FindLiveObjects: 0.331600 ms CreateObjectMapping: 0.121300 ms MarkObjects: 3.787800 ms  DeleteObjects: 0.101700 ms)

AssetImportParameters requested are different than current active one (requested -> active):
  custom:graphics/normal-map-encoding: 01000000000000000000000000000000 -> 02000000000000000000000000000000
========================================================================
Received Import Request.
  Time since last request: 11161.430787 seconds.
  path: Assets/Photon Unity Networking/PhotonCloud-icon.png
  artifactKey: Guid(8425b95fef16c3f4194e3a20e245cb67) Importer(815301076,1909f56bfc062723c751e8b465ee728b)
Start importing Assets/Photon Unity Networking/PhotonCloud-icon.png using Guid(8425b95fef16c3f4194e3a20e245cb67) Importer(815301076,1909f56bfc062723c751e8b465ee728b)  -> (artifact id: '224969944f554765e32455652dd2ad3d') in 0.098908 seconds
  Import took 0.103468 seconds .

========================================================================
Received Import Request.
  Time since last request: 0.000325 seconds.
  path: Assets/Photon Unity Networking/PunIcon-White-128.png
  artifactKey: Guid(e1e27211415083e41bd38b51da93f58b) Importer(815301076,1909f56bfc062723c751e8b465ee728b)
Start importing Assets/Photon Unity Networking/PunIcon-White-128.png using Guid(e1e27211415083e41bd38b51da93f58b) Importer(815301076,1909f56bfc062723c751e8b465ee728b)  -> (artifact id: '2ad619f20697a68b838c45eae3c94b6b') in 0.018440 seconds
  Import took 0.022968 seconds .

========================================================================
Received Prepare
Registering precompiled user dll's ...
Registered in 0.001584 seconds.
Begin MonoManager ReloadAssembly
Native extension for WindowsStandalone target not found
Refreshing native plugins compatible for Editor in 0.41 ms, found 0 plugins.
Preloading 0 native plugins for Editor in 0.00 ms.
Invoked RoslynAnalysisRunner static constructor.
RoslynAnalysisRunner will not be running.
RoslynAnalysisRunner has terminated.
Mono: successfully reloaded assembly
- Completed reload, in  1.001 seconds
Platform modules already initialized, skipping
Switching build target platform(5) subTarget(0) extendedPlatform(0) -> platform(13) subTarget(524288) extendedPlatform(0)
Refreshing native plugins compatible for Editor in 0.40 ms, found 0 plugins.
Preloading 0 native plugins for Editor in 0.00 ms.
Unloading 1579 Unused Serialized files (Serialized files now loaded: 0)
System memory in use before: 72.1 MB.
System memory in use after: 72.2 MB.

Unloading 12 unused Assets to reduce memory usage. Loaded Objects now: 2041.
Total: 2.452700 ms (FindLiveObjects: 0.299600 ms CreateObjectMapping: 0.077600 ms MarkObjects: 1.945700 ms  DeleteObjects: 0.128400 ms)

AssetImportParameters requested are different than current active one (requested -> active):
  custom:graphics/normal-map-encoding: 01000000000000000000000000000000 -> 02000000000000000000000000000000
========================================================================
Received Prepare
Registering precompiled user dll's ...
Registered in 0.003710 seconds.
Begin MonoManager ReloadAssembly
Native extension for WindowsStandalone target not found
Refreshing native plugins compatible for Editor in 0.36 ms, found 0 plugins.
Preloading 0 native plugins for Editor in 0.00 ms.
Invoked RoslynAnalysisRunner static constructor.
RoslynAnalysisRunner will not be running.
RoslynAnalysisRunner has terminated.
Mono: successfully reloaded assembly
- Completed reload, in  1.208 seconds
Platform modules already initialized, skipping
Switching build target platform(5) subTarget(0) extendedPlatform(0) -> platform(13) subTarget(524288) extendedPlatform(0)
Refreshing native plugins compatible for Editor in 0.35 ms, found 0 plugins.
Preloading 0 native plugins for Editor in 0.00 ms.
Unloading 1579 Unused Serialized files (Serialized files now loaded: 0)
System memory in use before: 72.1 MB.
System memory in use after: 72.2 MB.

Unloading 12 unused Assets to reduce memory usage. Loaded Objects now: 2044.
Total: 2.142600 ms (FindLiveObjects: 0.244000 ms CreateObjectMapping: 0.091100 ms MarkObjects: 1.730300 ms  DeleteObjects: 0.075500 ms)

AssetImportParameters requested are different than current active one (requested -> active):
  custom:graphics/normal-map-encoding: 01000000000000000000000000000000 -> 02000000000000000000000000000000
========================================================================
Received Prepare
Registering precompiled user dll's ...
Registered in 0.001514 seconds.
Begin MonoManager ReloadAssembly
Native extension for WindowsStandalone target not found
Refreshing native plugins compatible for Editor in 0.41 ms, found 0 plugins.
Preloading 0 native plugins for Editor in 0.00 ms.
Invoked RoslynAnalysisRunner static constructor.
RoslynAnalysisRunner will not be running.
RoslynAnalysisRunner has terminated.
Mono: successfully reloaded assembly
- Completed reload, in  1.473 seconds
Platform modules already initialized, skipping
Switching build target platform(5) subTarget(0) extendedPlatform(0) -> platform(13) subTarget(524288) extendedPlatform(0)
Refreshing native plugins compatible for Editor in 0.35 ms, found 0 plugins.
Preloading 0 native plugins for Editor in 0.00 ms.
Unloading 1579 Unused Serialized files (Serialized files now loaded: 0)
System memory in use before: 72.2 MB.
System memory in use after: 72.2 MB.

Unloading 12 unused Assets to reduce memory usage. Loaded Objects now: 2047.
Total: 2.304900 ms (FindLiveObjects: 0.347400 ms CreateObjectMapping: 0.122300 ms MarkObjects: 1.746200 ms  DeleteObjects: 0.086900 ms)

AssetImportParameters requested are different than current active one (requested -> active):
  custom:graphics/normal-map-encoding: 01000000000000000000000000000000 -> 02000000000000000000000000000000
========================================================================
Received Prepare
Registering precompiled user dll's ...
Registered in 0.002149 seconds.
Begin MonoManager ReloadAssembly
Native extension for WindowsStandalone target not found
Refreshing native plugins compatible for Editor in 0.40 ms, found 0 plugins.
Preloading 0 native plugins for Editor in 0.00 ms.
Invoked RoslynAnalysisRunner static constructor.
RoslynAnalysisRunner will not be running.
RoslynAnalysisRunner has terminated.
Mono: successfully reloaded assembly
- Completed reload, in  1.449 seconds
Platform modules already initialized, skipping
Switching build target platform(5) subTarget(0) extendedPlatform(0) -> platform(13) subTarget(524288) extendedPlatform(0)
Refreshing native plugins compatible for Editor in 0.40 ms, found 0 plugins.
Preloading 0 native plugins for Editor in 0.00 ms.
Unloading 1579 Unused Serialized files (Serialized files now loaded: 0)
System memory in use before: 72.2 MB.
System memory in use after: 72.2 MB.

Unloading 12 unused Assets to reduce memory usage. Loaded Objects now: 2050.
Total: 7.719200 ms (FindLiveObjects: 0.994400 ms CreateObjectMapping: 0.353400 ms MarkObjects: 6.103200 ms  DeleteObjects: 0.262700 ms)

AssetImportParameters requested are different than current active one (requested -> active):
  custom:graphics/normal-map-encoding: 01000000000000000000000000000000 -> 02000000000000000000000000000000
========================================================================
Received Prepare
Registering precompiled user dll's ...
Registered in 0.002611 seconds.
Begin MonoManager ReloadAssembly
Native extension for WindowsStandalone target not found
Refreshing native plugins compatible for Editor in 0.35 ms, found 0 plugins.
Preloading 0 native plugins for Editor in 0.00 ms.
Invoked RoslynAnalysisRunner static constructor.
RoslynAnalysisRunner will not be running.
RoslynAnalysisRunner has terminated.
Mono: successfully reloaded assembly
- Completed reload, in  1.059 seconds
Platform modules already initialized, skipping
Switching build target platform(5) subTarget(0) extendedPlatform(0) -> platform(13) subTarget(524288) extendedPlatform(0)
Refreshing native plugins compatible for Editor in 0.35 ms, found 0 plugins.
Preloading 0 native plugins for Editor in 0.00 ms.
Unloading 1579 Unused Serialized files (Serialized files now loaded: 0)
System memory in use before: 72.2 MB.
System memory in use after: 72.2 MB.

Unloading 12 unused Assets to reduce memory usage. Loaded Objects now: 2053.
Total: 2.113200 ms (FindLiveObjects: 0.219600 ms CreateObjectMapping: 0.124800 ms MarkObjects: 1.680100 ms  DeleteObjects: 0.087200 ms)

AssetImportParameters requested are different than current active one (requested -> active):
  custom:graphics/normal-map-encoding: 01000000000000000000000000000000 -> 02000000000000000000000000000000
========================================================================
Received Prepare
Registering precompiled user dll's ...
Registered in 0.001568 seconds.
Begin MonoManager ReloadAssembly
Native extension for WindowsStandalone target not found
Refreshing native plugins compatible for Editor in 0.37 ms, found 0 plugins.
Preloading 0 native plugins for Editor in 0.00 ms.
Invoked RoslynAnalysisRunner static constructor.
RoslynAnalysisRunner will not be running.
RoslynAnalysisRunner has terminated.
Mono: successfully reloaded assembly
- Completed reload, in  1.185 seconds
Platform modules already initialized, skipping
Switching build target platform(5) subTarget(0) extendedPlatform(0) -> platform(13) subTarget(524288) extendedPlatform(0)
Refreshing native plugins compatible for Editor in 0.35 ms, found 0 plugins.
Preloading 0 native plugins for Editor in 0.00 ms.
Unloading 1579 Unused Serialized files (Serialized files now loaded: 0)
System memory in use before: 71.9 MB.
System memory in use after: 71.9 MB.

Unloading 12 unused Assets to reduce memory usage. Loaded Objects now: 2056.
Total: 2.544700 ms (FindLiveObjects: 0.261500 ms CreateObjectMapping: 0.084300 ms MarkObjects: 2.067400 ms  DeleteObjects: 0.129700 ms)

AssetImportParameters requested are different than current active one (requested -> active):
  custom:graphics/normal-map-encoding: 01000000000000000000000000000000 -> 02000000000000000000000000000000
========================================================================
Received Prepare
Registering precompiled user dll's ...
Registered in 0.001868 seconds.
Begin MonoManager ReloadAssembly
Native extension for WindowsStandalone target not found
Refreshing native plugins compatible for Editor in 0.36 ms, found 0 plugins.
Preloading 0 native plugins for Editor in 0.00 ms.
Invoked RoslynAnalysisRunner static constructor.
RoslynAnalysisRunner will not be running.
RoslynAnalysisRunner has terminated.
Mono: successfully reloaded assembly
- Completed reload, in  1.251 seconds
Platform modules already initialized, skipping
Switching build target platform(5) subTarget(0) extendedPlatform(0) -> platform(13) subTarget(524288) extendedPlatform(0)
Refreshing native plugins compatible for Editor in 0.34 ms, found 0 plugins.
Preloading 0 native plugins for Editor in 0.00 ms.
Unloading 1579 Unused Serialized files (Serialized files now loaded: 0)
System memory in use before: 72.2 MB.
System memory in use after: 72.2 MB.

Unloading 12 unused Assets to reduce memory usage. Loaded Objects now: 2059.
Total: 1.931600 ms (FindLiveObjects: 0.234900 ms CreateObjectMapping: 0.067200 ms MarkObjects: 1.541400 ms  DeleteObjects: 0.086800 ms)

AssetImportParameters requested are different than current active one (requested -> active):
  custom:graphics/normal-map-encoding: 01000000000000000000000000000000 -> 02000000000000000000000000000000
========================================================================
Received Prepare
Registering precompiled user dll's ...
Registered in 0.001680 seconds.
Begin MonoManager ReloadAssembly
Native extension for WindowsStandalone target not found
Refreshing native plugins compatible for Editor in 0.39 ms, found 0 plugins.
Preloading 0 native plugins for Editor in 0.00 ms.
Invoked RoslynAnalysisRunner static constructor.
RoslynAnalysisRunner will not be running.
RoslynAnalysisRunner has terminated.
Mono: successfully reloaded assembly
- Completed reload, in  1.205 seconds
Platform modules already initialized, skipping
Switching build target platform(5) subTarget(0) extendedPlatform(0) -> platform(13) subTarget(524288) extendedPlatform(0)
Refreshing native plugins compatible for Editor in 0.37 ms, found 0 plugins.
Preloading 0 native plugins for Editor in 0.00 ms.
Unloading 1579 Unused Serialized files (Serialized files now loaded: 0)
System memory in use before: 72.2 MB.
System memory in use after: 72.2 MB.

Unloading 12 unused Assets to reduce memory usage. Loaded Objects now: 2062.
Total: 2.281300 ms (FindLiveObjects: 0.331900 ms CreateObjectMapping: 0.110600 ms MarkObjects: 1.760000 ms  DeleteObjects: 0.077400 ms)

AssetImportParameters requested are different than current active one (requested -> active):
  custom:graphics/normal-map-encoding: 01000000000000000000000000000000 -> 02000000000000000000000000000000
========================================================================
Received Prepare
Registering precompiled user dll's ...
Registered in 0.001668 seconds.
Begin MonoManager ReloadAssembly
Native extension for WindowsStandalone target not found
Refreshing native plugins compatible for Editor in 0.35 ms, found 0 plugins.
Preloading 0 native plugins for Editor in 0.00 ms.
Invoked RoslynAnalysisRunner static constructor.
RoslynAnalysisRunner will not be running.
RoslynAnalysisRunner has terminated.
Mono: successfully reloaded assembly
- Completed reload, in  1.289 seconds
Platform modules already initialized, skipping
Switching build target platform(5) subTarget(0) extendedPlatform(0) -> platform(13) subTarget(524288) extendedPlatform(0)
Refreshing native plugins compatible for Editor in 0.36 ms, found 0 plugins.
Preloading 0 native plugins for Editor in 0.00 ms.
Unloading 1579 Unused Serialized files (Serialized files now loaded: 0)
System memory in use before: 72.2 MB.
System memory in use after: 72.2 MB.

Unloading 12 unused Assets to reduce memory usage. Loaded Objects now: 2065.
Total: 2.010200 ms (FindLiveObjects: 0.157700 ms CreateObjectMapping: 0.055300 ms MarkObjects: 1.723400 ms  DeleteObjects: 0.072900 ms)

AssetImportParameters requested are different than current active one (requested -> active):
  custom:graphics/normal-map-encoding: 01000000000000000000000000000000 -> 02000000000000000000000000000000
========================================================================
Received Import Request.
  Time since last request: 4140.127685 seconds.
  path: Assets/Assets/New Material.mat
  artifactKey: Guid(96a738bea2864c94797078db55b82a2b) Importer(815301076,1909f56bfc062723c751e8b465ee728b)
Start importing Assets/Assets/New Material.mat using Guid(96a738bea2864c94797078db55b82a2b) Importer(815301076,1909f56bfc062723c751e8b465ee728b)  -> (artifact id: 'c9eaf9d0d5fd6edd0b387e063ac2f91c') in 0.509380 seconds
  Import took 0.515174 seconds .

========================================================================
Received Import Request.
  Time since last request: 49.291328 seconds.
  path: Assets/Assets/New Material.mat
  artifactKey: Guid(96a738bea2864c94797078db55b82a2b) Importer(815301076,1909f56bfc062723c751e8b465ee728b)
Start importing Assets/Assets/New Material.mat using Guid(96a738bea2864c94797078db55b82a2b) Importer(815301076,1909f56bfc062723c751e8b465ee728b)  -> (artifact id: '43000f002d8aae1805d9e9bec8d509a1') in 0.062260 seconds
  Import took 0.075554 seconds .

========================================================================
Received Prepare
Registering precompiled user dll's ...
Registered in 0.001567 seconds.
Begin MonoManager ReloadAssembly
Native extension for WindowsStandalone target not found
Refreshing native plugins compatible for Editor in 0.36 ms, found 0 plugins.
Preloading 0 native plugins for Editor in 0.00 ms.
Invoked RoslynAnalysisRunner static constructor.
RoslynAnalysisRunner will not be running.
RoslynAnalysisRunner has terminated.
Mono: successfully reloaded assembly
- Completed reload, in  0.965 seconds
Platform modules already initialized, skipping
Switching build target platform(5) subTarget(0) extendedPlatform(0) -> platform(13) subTarget(524288) extendedPlatform(0)
Refreshing native plugins compatible for Editor in 0.35 ms, found 0 plugins.
Preloading 0 native plugins for Editor in 0.00 ms.
Unloading 1579 Unused Serialized files (Serialized files now loaded: 0)
System memory in use before: 75.5 MB.
System memory in use after: 75.6 MB.

Unloading 12 unused Assets to reduce memory usage. Loaded Objects now: 2107.
Total: 2.219900 ms (FindLiveObjects: 0.265700 ms CreateObjectMapping: 0.118400 ms MarkObjects: 1.713800 ms  DeleteObjects: 0.120900 ms)

AssetImportParameters requested are different than current active one (requested -> active):
  custom:graphics/normal-map-encoding: 01000000000000000000000000000000 -> 02000000000000000000000000000000
========================================================================
Received Import Request.
  Time since last request: 3431.542284 seconds.
  path: Assets/Resources
  artifactKey: Guid(11d2c0ae17c5bbc48be21ad7e46b93a6) Importer(815301076,1909f56bfc062723c751e8b465ee728b)
Start importing Assets/Resources using Guid(11d2c0ae17c5bbc48be21ad7e46b93a6) Importer(815301076,1909f56bfc062723c751e8b465ee728b)  -> (artifact id: 'a525f0a2ec2c7593532a0ba0948ce6d5') in 0.021903 seconds
  Import took 0.039064 seconds .

========================================================================
Received Import Request.
  Time since last request: 4.032435 seconds.
  path: Assets/Resources/Circulatory.prefab
  artifactKey: Guid(30db713be395dc74e896fa9009046eef) Importer(815301076,1909f56bfc062723c751e8b465ee728b)
Start importing Assets/Resources/Circulatory.prefab using Guid(30db713be395dc74e896fa9009046eef) Importer(815301076,1909f56bfc062723c751e8b465ee728b)  -> (artifact id: '447977a1207a9b73fcba018b8d0ff18e') in 0.060073 seconds
  Import took 0.070303 seconds .

========================================================================
Received Import Request.
  Time since last request: 2.930244 seconds.
  path: Assets/Resources/Skeletal.prefab
  artifactKey: Guid(d1af4bbea9d5be443bb9eddfe2f7f24a) Importer(815301076,1909f56bfc062723c751e8b465ee728b)
Start importing Assets/Resources/Skeletal.prefab using Guid(d1af4bbea9d5be443bb9eddfe2f7f24a) Importer(815301076,1909f56bfc062723c751e8b465ee728b)  -> (artifact id: 'f6bd598b5e4b4870a39d8dd11d5fcd7b') in 0.007705 seconds
  Import took 0.017586 seconds .

========================================================================
Received Import Request.
  Time since last request: 0.007150 seconds.
  path: Assets/Resources/Skeletal.prefab
  artifactKey: Guid(d1af4bbea9d5be443bb9eddfe2f7f24a) Importer(815301076,1909f56bfc062723c751e8b465ee728b)
Start importing Assets/Resources/Skeletal.prefab using Guid(d1af4bbea9d5be443bb9eddfe2f7f24a) Importer(815301076,1909f56bfc062723c751e8b465ee728b)  -> (artifact id: 'f6bd598b5e4b4870a39d8dd11d5fcd7b') in 0.022473 seconds
  Import took 0.028534 seconds .

========================================================================
Received Import Request.
  Time since last request: 60.293470 seconds.
  path: Assets/Models
  artifactKey: Guid(e0a5a0ca8ef73e64d8a0f91ef0fa6f3b) Importer(815301076,1909f56bfc062723c751e8b465ee728b)
Start importing Assets/Models using Guid(e0a5a0ca8ef73e64d8a0f91ef0fa6f3b) Importer(815301076,1909f56bfc062723c751e8b465ee728b)  -> (artifact id: '5d33259543be1574d016ae1128096112') in 0.042094 seconds
  Import took 0.050549 seconds .

========================================================================
Received Import Request.
  Time since last request: 9.262056 seconds.
  path: Assets/Models/Organs
  artifactKey: Guid(46fc2a29479455f47a4ff4e61ff83be5) Importer(815301076,1909f56bfc062723c751e8b465ee728b)
Start importing Assets/Models/Organs using Guid(46fc2a29479455f47a4ff4e61ff83be5) Importer(815301076,1909f56bfc062723c751e8b465ee728b)  -> (artifact id: '51e5c1a9b352a837778980696c337150') in 0.024288 seconds
  Import took 0.032502 seconds .

========================================================================
Received Import Request.
  Time since last request: 9.402943 seconds.
  path: Assets/Models/Organs/Heart.obj
  artifactKey: Guid(bcffd65e697a29645b380d87f361955a) Importer(815301076,1909f56bfc062723c751e8b465ee728b)
Start importing Assets/Models/Organs/Heart.obj using Guid(bcffd65e697a29645b380d87f361955a) Importer(815301076,1909f56bfc062723c751e8b465ee728b)  -> (artifact id: '1411cb04ae10d873ceb77a217fdb6bee') in 0.352929 seconds
  Import took 0.365185 seconds .

========================================================================
Received Import Request.
  Time since last request: 5.639325 seconds.
  path: Assets/Models/Organs/Skeletal.obj
  artifactKey: Guid(47c889422da20ba4bb5fd1fee4780a70) Importer(815301076,1909f56bfc062723c751e8b465ee728b)
Start importing Assets/Models/Organs/Skeletal.obj using Guid(47c889422da20ba4bb5fd1fee4780a70) Importer(815301076,1909f56bfc062723c751e8b465ee728b)  -> (artifact id: '5f21e141df6e01caaf7e9b5554345387') in 0.144192 seconds
  Import took 0.151557 seconds .

========================================================================
Received Prepare
Registering precompiled user dll's ...
Registered in 0.001600 seconds.
Begin MonoManager ReloadAssembly
Native extension for WindowsStandalone target not found
Refreshing native plugins compatible for Editor in 0.40 ms, found 0 plugins.
Preloading 0 native plugins for Editor in 0.00 ms.
Invoked RoslynAnalysisRunner static constructor.
RoslynAnalysisRunner will not be running.
RoslynAnalysisRunner has terminated.
Mono: successfully reloaded assembly
- Completed reload, in  1.112 seconds
Platform modules already initialized, skipping
Switching build target platform(5) subTarget(0) extendedPlatform(0) -> platform(13) subTarget(524288) extendedPlatform(0)
Refreshing native plugins compatible for Editor in 0.40 ms, found 0 plugins.
Preloading 0 native plugins for Editor in 0.00 ms.
Unloading 1579 Unused Serialized files (Serialized files now loaded: 0)
System memory in use before: 75.8 MB.
System memory in use after: 75.8 MB.

Unloading 12 unused Assets to reduce memory usage. Loaded Objects now: 2114.
Total: 2.668200 ms (FindLiveObjects: 0.304300 ms CreateObjectMapping: 0.106300 ms MarkObjects: 2.147400 ms  DeleteObjects: 0.108800 ms)

AssetImportParameters requested are different than current active one (requested -> active):
  custom:graphics/normal-map-encoding: 01000000000000000000000000000000 -> 02000000000000000000000000000000
========================================================================
Received Prepare
Registering precompiled user dll's ...
Registered in 0.002077 seconds.
Begin MonoManager ReloadAssembly
Native extension for WindowsStandalone target not found
Refreshing native plugins compatible for Editor in 0.42 ms, found 0 plugins.
Preloading 0 native plugins for Editor in 0.00 ms.
Invoked RoslynAnalysisRunner static constructor.
RoslynAnalysisRunner will not be running.
RoslynAnalysisRunner has terminated.
Mono: successfully reloaded assembly
- Completed reload, in  2.024 seconds
Platform modules already initialized, skipping
Switching build target platform(5) subTarget(0) extendedPlatform(0) -> platform(13) subTarget(524288) extendedPlatform(0)
Refreshing native plugins compatible for Editor in 0.41 ms, found 0 plugins.
Preloading 0 native plugins for Editor in 0.00 ms.
Unloading 1579 Unused Serialized files (Serialized files now loaded: 0)
System memory in use before: 75.8 MB.
System memory in use after: 75.8 MB.

Unloading 12 unused Assets to reduce memory usage. Loaded Objects now: 2117.
Total: 3.338400 ms (FindLiveObjects: 0.515000 ms CreateObjectMapping: 0.160200 ms MarkObjects: 2.560100 ms  DeleteObjects: 0.099300 ms)

AssetImportParameters requested are different than current active one (requested -> active):
  custom:graphics/normal-map-encoding: 01000000000000000000000000000000 -> 02000000000000000000000000000000
AssetImportWorkerClient::OnTransportError - code=2 error=End of file
