Using pre-set license
Built from '2020.2/staging' branch; Version is '2020.2.3f1 (8ff31bc5bf5b) revision 9433883'; Using compiler version '192528614'; Build Type 'Release'
OS: 'Windows 10 Home Single Language; OS build 19042.985; Version 2009; 64bit' Language: 'en' Physical Memory: 12169 MB
BatchMode: 1, IsHumanControllingUs: 0, StartBugReporterOnCrash: 0, Is64bit: 1, IsPro: 0

 COMMAND LINE ARGUMENTS:
C:\Program Files\Unity\Hub\Editor\2020.2.3f1\Editor\Unity.exe
-adb2
-batchMode
-noUpm
-name
AssetImportWorker0
-projectPath
D:/Unity/MultiplayerGame
-logFile
Logs/AssetImportWorker0.log
-srvPort
53601
Successfully changed project path to: D:/Unity/MultiplayerGame
D:/Unity/MultiplayerGame
Using Asset Import Pipeline V2.
Refreshing native plugins compatible for Editor in 103.05 ms, found 0 plugins.
Preloading 0 native plugins for Editor in 0.00 ms.
Initialize engine version: 2020.2.3f1 (8ff31bc5bf5b)
[Subsystems] Discovering subsystems at path C:/Program Files/Unity/Hub/Editor/2020.2.3f1/Editor/Data/Resources/UnitySubsystems
[Subsystems] Discovering subsystems at path D:/Unity/MultiplayerGame/Assets
GfxDevice: creating device client; threaded=0
Direct3D:
    Version:  Direct3D 11.0 [level 11.1]
    Renderer: Microsoft Basic Render Driver (ID=0x8c)
    Vendor:   
    VRAM:     6084 MB
Initialize mono
Mono path[0] = 'C:/Program Files/Unity/Hub/Editor/2020.2.3f1/Editor/Data/Managed'
Mono path[1] = 'C:/Program Files/Unity/Hub/Editor/2020.2.3f1/Editor/Data/MonoBleedingEdge/lib/mono/unityjit'
Mono config path = 'C:/Program Files/Unity/Hub/Editor/2020.2.3f1/Editor/Data/MonoBleedingEdge/etc'
Using monoOptions --debugger-agent=transport=dt_socket,embedding=1,server=y,suspend=n,address=127.0.0.1:56848
Begin MonoManager ReloadAssembly
Registering precompiled unity dll's ...
Register platform support module: C:/Program Files/Unity/Hub/Editor/2020.2.3f1/Editor/Data/PlaybackEngines/WindowsStandaloneSupport/UnityEditor.WindowsStandalone.Extensions.dll
Registered in 0.007327 seconds.
Native extension for WindowsStandalone target not found
Refreshing native plugins compatible for Editor in 52.82 ms, found 0 plugins.
Preloading 0 native plugins for Editor in 0.00 ms.
Invoked RoslynAnalysisRunner static constructor.
RoslynAnalysisRunner will not be running.
RoslynAnalysisRunner has terminated.
Mono: successfully reloaded assembly
- Completed reload, in  6.458 seconds
Platform modules already initialized, skipping
Registering precompiled user dll's ...
Registered in 0.002841 seconds.
Begin MonoManager ReloadAssembly
Native extension for WindowsStandalone target not found
Refreshing native plugins compatible for Editor in 0.90 ms, found 0 plugins.
Preloading 0 native plugins for Editor in 0.00 ms.
Invoked RoslynAnalysisRunner static constructor.
RoslynAnalysisRunner will not be running.
RoslynAnalysisRunner has terminated.
Mono: successfully reloaded assembly
- Completed reload, in  2.325 seconds
Platform modules already initialized, skipping
========================================================================
Worker process is ready to serve import requests
Launched and connected shader compiler UnityShaderCompiler.exe after 0.08 seconds
Refreshing native plugins compatible for Editor in 0.42 ms, found 0 plugins.
Preloading 0 native plugins for Editor in 0.00 ms.
Unloading 1585 Unused Serialized files (Serialized files now loaded: 0)
System memory in use before: 78.1 MB.
System memory in use after: 78.1 MB.

Unloading 16 unused Assets to reduce memory usage. Loaded Objects now: 2032.
Total: 4.053700 ms (FindLiveObjects: 0.441000 ms CreateObjectMapping: 0.152600 ms MarkObjects: 3.311300 ms  DeleteObjects: 0.146500 ms)

========================================================================
Received Import Request.
  path: Assets/Scripts/MovementScript.cs
  artifactKey: Guid(9768f80e02ab7e24db8bfff2ab7e4c53) Importer(815301076,1909f56bfc062723c751e8b465ee728b)
Start importing Assets/Scripts/MovementScript.cs using Guid(9768f80e02ab7e24db8bfff2ab7e4c53) Importer(815301076,1909f56bfc062723c751e8b465ee728b)  -> (artifact id: '102443b10825c4570a3e1cb7a9da1051') in 0.061470 seconds
  Import took 0.079346 seconds .

========================================================================
Received Import Request.
  Time since last request: 592.383559 seconds.
  path: Assets/Photon Unity Networking/Resources
  artifactKey: Guid(bc6b3426890118c4c899d84ba9ac4a34) Importer(815301076,1909f56bfc062723c751e8b465ee728b)
Start importing Assets/Photon Unity Networking/Resources using Guid(bc6b3426890118c4c899d84ba9ac4a34) Importer(815301076,1909f56bfc062723c751e8b465ee728b)  -> (artifact id: '216b67a3e757b8bd08a98ee3eb1527be') in 0.003332 seconds
  Import took 0.021199 seconds .

========================================================================
Received Import Request.
  Time since last request: 0.083111 seconds.
  path: Assets/Photon Unity Networking/Resources/PhotonServerSettings.asset
  artifactKey: Guid(c4bdfe3a6945895498745c113f000b15) Importer(815301076,1909f56bfc062723c751e8b465ee728b)
Start importing Assets/Photon Unity Networking/Resources/PhotonServerSettings.asset using Guid(c4bdfe3a6945895498745c113f000b15) Importer(815301076,1909f56bfc062723c751e8b465ee728b)  -> (artifact id: '743f9cde15912e2ce0498c5d8369a7c0') in 0.071257 seconds
  Import took 0.078847 seconds .

========================================================================
Received Import Request.
  Time since last request: 17.634573 seconds.
  path: Assets/Photon Unity Networking/Resources/Skeletal.prefab
  artifactKey: Guid(169e6cbd1378ac24fa901dc78711a1d2) Importer(815301076,1909f56bfc062723c751e8b465ee728b)
Start importing Assets/Photon Unity Networking/Resources/Skeletal.prefab using Guid(169e6cbd1378ac24fa901dc78711a1d2) Importer(815301076,1909f56bfc062723c751e8b465ee728b)  -> (artifact id: '1de879577758b68da048919dbb8b7296') in 0.237073 seconds
  Import took 0.244443 seconds .

